<?xml version="1.0" encoding="UTF-8"?>
<!-- Generated by org.testng.reporters.JUnitReportReporter -->
<testsuite skipped="0" hostname="DESKTOP-HD7LAND" name="parrlel_testng_practices.Test_class2" tests="3" failures="0" timestamp="2022-01-19T21:30:43 IST" time="0.016" errors="0">
  <testcase name="test10" time="0.012" classname="parrlel_testng_practices.Test_class2"/>
  <system-out/>
  <testcase name="test20" time="0.002" classname="parrlel_testng_practices.Test_class2"/>
  <system-out/>
  <testcase name="test30" time="0.002" classname="parrlel_testng_practices.Test_class2"/>
  <system-out/>
</testsuite> <!-- parrlel_testng_practices.Test_class2 -->
