<?xml version="1.0" encoding="UTF-8"?>
<!-- Generated by org.testng.reporters.JUnitReportReporter -->
<testsuite skipped="0" hostname="DESKTOP-HD7LAND" name="testng_practices.Dependson" tests="6" failures="0" timestamp="2022-01-19T20:27:24 IST" time="0.024" errors="0">
  <testcase name="select" time="0.004" classname="testng_practices.Dependson"/>
  <system-out/>
  <testcase name="cleanup" time="0.003" classname="testng_practices.Dependson"/>
  <system-out/>
  <testcase name="init" time="0.009" classname="testng_practices.Dependson"/>
  <system-out/>
  <testcase name="insert" time="0.004" classname="testng_practices.Dependson"/>
  <system-out/>
  <testcase name="update" time="0.001" classname="testng_practices.Dependson"/>
  <system-out/>
  <testcase name="delete" time="0.003" classname="testng_practices.Dependson"/>
  <system-out/>
</testsuite> <!-- testng_practices.Dependson -->
