<?xml version="1.0" encoding="UTF-8"?>
<!-- Generated by org.testng.reporters.JUnitReportReporter -->
<testsuite skipped="0" hostname="DESKTOP-HD7LAND" name="pageObjectModel.Fb_pom_main" tests="1" failures="0" timestamp="2022-01-27T14:51:58 IST" time="7.813" errors="0">
  <testcase name="login" time="7.813" classname="pageObjectModel.Fb_pom_main"/>
  <system-out/>
</testsuite> <!-- pageObjectModel.Fb_pom_main -->
