<?xml version="1.0" encoding="UTF-8"?>
<!-- Generated by org.testng.reporters.JUnitReportReporter -->
<testsuite skipped="0" hostname="DESKTOP-HD7LAND" name="testng_practices.Depends_on_methods" tests="7" failures="0" timestamp="2022-01-19T20:37:16 IST" time="0.025" errors="0">
  <testcase name="world" time="0.011" classname="testng_practices.Depends_on_methods"/>
  <system-out/>
  <testcase name="usa" time="0.002" classname="testng_practices.Depends_on_methods"/>
  <system-out/>
  <testcase name="califorina" time="0.002" classname="testng_practices.Depends_on_methods"/>
  <system-out/>
  <testcase name="india" time="0.002" classname="testng_practices.Depends_on_methods"/>
  <system-out/>
  <testcase name="florida" time="0.001" classname="testng_practices.Depends_on_methods"/>
  <system-out/>
  <testcase name="ap" time="0.004" classname="testng_practices.Depends_on_methods"/>
  <system-out/>
  <testcase name="ts" time="0.003" classname="testng_practices.Depends_on_methods"/>
  <system-out/>
</testsuite> <!-- testng_practices.Depends_on_methods -->
