<?xml version="1.0" encoding="UTF-8"?>
<!-- Generated by org.testng.reporters.JUnitReportReporter -->
<testsuite skipped="0" hostname="DESKTOP-HD7LAND" name="pageObjectModel.Registration_test" tests="1" failures="0" timestamp="2022-01-23T20:04:26 IST" time="59.504" errors="0">
  <testcase name="verifyflighreg" time="59.504" classname="pageObjectModel.Registration_test"/>
  <system-out/>
</testsuite> <!-- pageObjectModel.Registration_test -->
