<?xml version="1.0" encoding="UTF-8"?>
<!-- Generated by org.testng.reporters.JUnitReportReporter -->
<testsuite skipped="0" hostname="DESKTOP-HD7LAND" name="pageObjectModel.Tegistration_test" tests="1" failures="0" timestamp="2022-01-23T18:05:56 IST" time="14.668" errors="0">
  <testcase name="verifyflighreg" time="14.668" classname="pageObjectModel.Tegistration_test"/>
  <system-out/>
</testsuite> <!-- pageObjectModel.Tegistration_test -->
