<?xml version="1.0" encoding="UTF-8"?>
<!-- Generated by org.testng.reporters.JUnitReportReporter -->
<testsuite skipped="0" hostname="DESKTOP-HD7LAND" name="testng_practices.Fb_loginpage_intestng" tests="1" failures="0" timestamp="2022-01-19T18:45:56 IST" time="16.734" errors="0">
  <testcase name="login_fb" time="16.734" classname="testng_practices.Fb_loginpage_intestng"/>
  <system-out/>
</testsuite> <!-- testng_practices.Fb_loginpage_intestng -->
