<?xml version="1.0" encoding="UTF-8"?>
<!-- Generated by org.testng.reporters.JUnitReportReporter -->
<testsuite skipped="0" hostname="DESKTOP-HD7LAND" name="testng_practices.depends_on_groups_testng" tests="3" failures="0" timestamp="2022-01-19T21:25:56 IST" time="0.012" errors="0">
  <testcase name="english" time="0.009" classname="testng_practices.depends_on_groups_testng"/>
  <system-out/>
  <testcase name="math" time="0.001" classname="testng_practices.depends_on_groups_testng"/>
  <system-out/>
  <testcase name="telugu" time="0.002" classname="testng_practices.depends_on_groups_testng"/>
  <system-out/>
</testsuite> <!-- testng_practices.depends_on_groups_testng -->
