<?xml version="1.0" encoding="UTF-8"?>
<!-- Generated by org.testng.reporters.JUnitReportReporter -->
<testsuite skipped="0" hostname="DESKTOP-HD7LAND" name="parrlel_testng_practices.Parller_testing_thread_count" tests="5" failures="0" timestamp="2022-01-19T22:30:50 IST" time="0.148" errors="0">
  <testcase name="test1" time="0.006" classname="parrlel_testng_practices.Parller_testing_thread_count"/>
  <system-out/>
  <testcase name="test1" time="0.044" classname="parrlel_testng_practices.Parller_testing_thread_count"/>
  <system-out/>
  <testcase name="test1" time="0.010" classname="parrlel_testng_practices.Parller_testing_thread_count"/>
  <system-out/>
  <testcase name="test1" time="0.044" classname="parrlel_testng_practices.Parller_testing_thread_count"/>
  <system-out/>
  <testcase name="test1" time="0.044" classname="parrlel_testng_practices.Parller_testing_thread_count"/>
  <system-out/>
</testsuite> <!-- parrlel_testng_practices.Parller_testing_thread_count -->
