<?xml version="1.0" encoding="UTF-8"?>
<!-- Generated by org.testng.reporters.JUnitReportReporter -->
<testsuite skipped="0" hostname="DESKTOP-HD7LAND" name="testng_practices.Testng_annotations" tests="3" failures="0" timestamp="2022-01-19T18:38:38 IST" time="0.023" errors="0">
  <testcase name="test2" time="0.004" classname="testng_practices.Testng_annotations"/>
  <system-out/>
  <testcase name="test" time="0.013" classname="testng_practices.Testng_annotations"/>
  <system-out/>
  <testcase name="test1" time="0.006" classname="testng_practices.Testng_annotations"/>
  <system-out/>
</testsuite> <!-- testng_practices.Testng_annotations -->
