<?xml version="1.0" encoding="UTF-8"?>
<!-- Generated by org.testng.reporters.JUnitReportReporter -->
<testsuite skipped="0" hostname="DESKTOP-HD7LAND" name="testng_practices.Dependsonmethods" tests="4" failures="0" timestamp="2022-01-19T20:30:25 IST" time="0.017" errors="0">
  <testcase name="insert" time="0.011" classname="testng_practices.Dependsonmethods"/>
  <system-out/>
  <testcase name="update" time="0.002" classname="testng_practices.Dependsonmethods"/>
  <system-out/>
  <testcase name="select" time="0.002" classname="testng_practices.Dependsonmethods"/>
  <system-out/>
  <testcase name="delete" time="0.002" classname="testng_practices.Dependsonmethods"/>
  <system-out/>
</testsuite> <!-- testng_practices.Dependsonmethods -->
