<?xml version="1.0" encoding="UTF-8"?>
<!-- Generated by org.testng.reporters.JUnitReportReporter -->
<testsuite skipped="0" hostname="DESKTOP-HD7LAND" name="testng_practices.Pri" tests="4" failures="0" timestamp="2022-01-19T20:44:06 IST" time="0.018" errors="0">
  <testcase name="b" time="0.011" classname="testng_practices.Pri"/>
  <system-out/>
  <testcase name="p" time="0.002" classname="testng_practices.Pri"/>
  <system-out/>
  <testcase name="a" time="0.002" classname="testng_practices.Pri"/>
  <system-out/>
  <testcase name="z" time="0.003" classname="testng_practices.Pri"/>
  <system-out/>
</testsuite> <!-- testng_practices.Pri -->
